[0724/191316.021:ERROR:process_memory_win.cc(73)] ReadMemory at 0x7ff67b3b0000 of 64 bytes failed: Only part of a ReadProcessMemory or WriteProcessMemory request was completed. (0x12B)
[0724/191316.554:WARNING:pe_image_reader.cc(340)] could not read dos header from C:\Program Files (x86)\Google\Chrome\Application\chrome.exe
[0724/191316.554:ERROR:process_memory_win.cc(73)] ReadMemory at 0x7ffc0fce0000 of 64 bytes failed: Only part of a ReadProcessMemory or WriteProcessMemory request was completed. (0x12B)
[0724/191316.554:WARNING:pe_image_reader.cc(340)] could not read dos header from C:\WINDOWS\SYSTEM32\ntdll.dll
[0724/191316.554:ERROR:process_memory_win.cc(73)] ReadMemory at 0x7ffc0ea80000 of 64 bytes failed: Only part of a ReadProcessMemory or WriteProcessMemory request was completed. (0x12B)
[0724/191316.555:WARNING:pe_image_reader.cc(340)] could not read dos header from C:\WINDOWS\System32\KERNEL32.DLL
[0724/191316.555:ERROR:process_memory_win.cc(73)] ReadMemory at 0x7ffc0da90000 of 64 bytes failed: Only part of a ReadProcessMemory or WriteProcessMemory request was completed. (0x12B)
[0724/191316.555:WARNING:pe_image_reader.cc(340)] could not read dos header from C:\WINDOWS\System32\KERNELBASE.dll
[0724/191316.555:ERROR:process_memory_win.cc(73)] ReadMemory at 0x7ffbfd1a0000 of 64 bytes failed: Only part of a ReadProcessMemory or WriteProcessMemory request was completed. (0x12B)
[0724/191316.555:WARNING:pe_image_reader.cc(340)] could not read dos header from C:\Program Files (x86)\Google\Chrome\Application\84.0.4147.89\chrome_elf.dll
[0724/191316.555:ERROR:process_memory_win.cc(73)] ReadMemory at 0x7ffc009c0000 of 64 bytes failed: Only part of a ReadProcessMemory or WriteProcessMemory request was completed. (0x12B)
[0724/191316.555:WARNING:pe_image_reader.cc(340)] could not read dos header from C:\WINDOWS\SYSTEM32\VERSION.dll
[0724/191316.556:ERROR:process_memory_win.cc(73)] ReadMemory at 0x7ffc0fa00000 of 64 bytes failed: Only part of a ReadProcessMemory or WriteProcessMemory request was completed. (0x12B)
[0724/191316.556:WARNING:pe_image_reader.cc(340)] could not read dos header from C:\WINDOWS\System32\msvcrt.dll
[0724/191316.556:ERROR:process_memory_win.cc(73)] ReadMemory at 0x7ffc0d730000 of 64 bytes failed: Only part of a ReadProcessMemory or WriteProcessMemory request was completed. (0x12B)
[0724/191316.556:WARNING:pe_image_reader.cc(340)] could not read dos header from C:\WINDOWS\System32\bcryptPrimitives.dll
[0724/191316.556:ERROR:process_memory_win.cc(73)] ReadMemory at 0x7ffc0f7b0000 of 64 bytes failed: Only part of a ReadProcessMemory or WriteProcessMemory request was completed. (0x12B)
[0724/191316.556:WARNING:pe_image_reader.cc(340)] could not read dos header from C:\WINDOWS\System32\ADVAPI32.dll
[0724/191316.556:ERROR:process_memory_win.cc(73)] ReadMemory at 0x1dda90b0000 of 64 bytes failed: Only part of a ReadProcessMemory or WriteProcessMemory request was completed. (0x12B)
[0724/191316.556:WARNING:pe_image_reader.cc(340)] could not read dos header from C:\WINDOWS\System32\sechost.dll
[0724/191316.556:ERROR:process_memory_win.cc(73)] ReadMemory at 0x7ffc0e300000 of 64 bytes failed: Only part of a ReadProcessMemory or WriteProcessMemory request was completed. (0x12B)
[0724/191316.556:WARNING:pe_image_reader.cc(340)] could not read dos header from C:\WINDOWS\System32\RPCRT4.dll
[0724/191316.556:ERROR:process_memory_win.cc(73)] ReadMemory at 0x7ffbb6860000 of 64 bytes failed: Only part of a ReadProcessMemory or WriteProcessMemory request was completed. (0x12B)
[0724/191316.557:WARNING:pe_image_reader.cc(340)] could not read dos header from C:\Program Files (x86)\Google\Chrome\Application\84.0.4147.89\chrome.dll
[0724/191316.557:ERROR:process_memory_win.cc(73)] ReadMemory at 0x7ffc0fc30000 of 64 bytes failed: Only part of a ReadProcessMemory or WriteProcessMemory request was completed. (0x12B)
[0724/191316.557:WARNING:pe_image_reader.cc(340)] could not read dos header from C:\WINDOWS\System32\WS2_32.dll
[0724/191316.557:ERROR:process_memory_win.cc(73)] ReadMemory at 0x7ffc0ee40000 of 64 bytes failed: Only part of a ReadProcessMemory or WriteProcessMemory request was completed. (0x12B)
[0724/191316.557:WARNING:pe_image_reader.cc(340)] could not read dos header from C:\WINDOWS\System32\OLEAUT32.dll
[0724/191316.557:ERROR:process_memory_win.cc(73)] ReadMemory at 0x7ffc0ccc0000 of 64 bytes failed: Only part of a ReadProcessMemory or WriteProcessMemory request was completed. (0x12B)
[0724/191316.557:WARNING:pe_image_reader.cc(340)] could not read dos header from C:\WINDOWS\System32\msvcp_win.dll
[0724/191316.557:ERROR:process_memory_win.cc(73)] ReadMemory at 0x7ffc0d630000 of 64 bytes failed: Only part of a ReadProcessMemory or WriteProcessMemory request was completed. (0x12B)
[0724/191316.557:WARNING:pe_image_reader.cc(340)] could not read dos header from C:\WINDOWS\System32\ucrtbase.dll
[0724/191316.557:ERROR:process_memory_win.cc(73)] ReadMemory at 0x7ffc0dfc0000 of 64 bytes failed: Only part of a ReadProcessMemory or WriteProcessMemory request was completed. (0x12B)
[0724/191316.558:WARNING:pe_image_reader.cc(340)] could not read dos header from C:\WINDOWS\System32\combase.dll
[0724/191316.558:ERROR:process_memory_win.cc(73)] ReadMemory at 0x7ffc0d890000 of 64 bytes failed: Only part of a ReadProcessMemory or WriteProcessMemory request was completed. (0x12B)
[0724/191316.558:WARNING:pe_image_reader.cc(340)] could not read dos header from C:\WINDOWS\System32\WINTRUST.dll
[0724/191316.558:ERROR:process_memory_win.cc(73)] ReadMemory at 0x7ffc0cc50000 of 64 bytes failed: Only part of a ReadProcessMemory or WriteProcessMemory request was completed. (0x12B)
[0724/191316.558:WARNING:pe_image_reader.cc(340)] could not read dos header from C:\WINDOWS\System32\MSASN1.dll
[0724/191316.558:ERROR:process_memory_win.cc(73)] ReadMemory at 0x7ffc0d4e0000 of 64 bytes failed: Only part of a ReadProcessMemory or WriteProcessMemory request was completed. (0x12B)
[0724/191316.558:WARNING:pe_image_reader.cc(340)] could not read dos header from C:\WINDOWS\System32\CRYPT32.dll
[0724/191316.558:ERROR:process_memory_win.cc(73)] ReadMemory at 0x7ffc0c120000 of 64 bytes failed: Only part of a ReadProcessMemory or WriteProcessMemory request was completed. (0x12B)
[0724/191316.558:WARNING:pe_image_reader.cc(340)] could not read dos header from C:\WINDOWS\SYSTEM32\IPHLPAPI.DLL
[0724/191316.558:ERROR:process_memory_win.cc(73)] ReadMemory at 0x7ffc08330000 of 64 bytes failed: Only part of a ReadProcessMemory or WriteProcessMemory request was completed. (0x12B)
[0724/191316.559:WARNING:pe_image_reader.cc(340)] could not read dos header from C:\WINDOWS\SYSTEM32\WINMM.dll
[0724/191316.559:ERROR:process_memory_win.cc(73)] ReadMemory at 0x7ffbfe9a0000 of 64 bytes failed: Only part of a ReadProcessMemory or WriteProcessMemory request was completed. (0x12B)
[0724/191316.559:WARNING:pe_image_reader.cc(340)] could not read dos header from C:\WINDOWS\SYSTEM32\Secur32.dll
[0724/191316.559:ERROR:process_memory_win.cc(73)] ReadMemory at 0x7ffc0cac0000 of 64 bytes failed: Only part of a ReadProcessMemory or WriteProcessMemory request was completed. (0x12B)
[0724/191316.559:WARNING:pe_image_reader.cc(340)] could not read dos header from C:\WINDOWS\SYSTEM32\USERENV.dll
[0724/191316.559:ERROR:process_memory_win.cc(73)] ReadMemory at 0x7ffc0cbb0000 of 64 bytes failed: Only part of a ReadProcessMemory or WriteProcessMemory request was completed. (0x12B)
[0724/191316.559:WARNING:pe_image_reader.cc(340)] could not read dos header from C:\WINDOWS\System32\profapi.dll
[0724/191316.559:ERROR:process_memory_win.cc(73)] ReadMemory at 0x7ffbdf440000 of 64 bytes failed: Only part of a ReadProcessMemory or WriteProcessMemory request was completed. (0x12B)
[0724/191316.559:WARNING:pe_image_reader.cc(340)] could not read dos header from C:\WINDOWS\SYSTEM32\UIAutomationCore.DLL
[0724/191316.559:ERROR:process_memory_win.cc(73)] ReadMemory at 0x7ffbe36c0000 of 64 bytes failed: Only part of a ReadProcessMemory or WriteProcessMemory request was completed. (0x12B)
[0724/191316.559:WARNING:pe_image_reader.cc(340)] could not read dos header from C:\WINDOWS\SYSTEM32\DWrite.dll
[0724/191316.560:ERROR:process_memory_win.cc(73)] ReadMemory at 0x7ffbecda0000 of 64 bytes failed: Only part of a ReadProcessMemory or WriteProcessMemory request was completed. (0x12B)
[0724/191316.560:WARNING:pe_image_reader.cc(340)] could not read dos header from C:\WINDOWS\SYSTEM32\WINSPOOL.DRV
[0724/191316.560:ERROR:process_memory_win.cc(73)] ReadMemory at 0x7ffc0cbe0000 of 64 bytes failed: Only part of a ReadProcessMemory or WriteProcessMemory request was completed. (0x12B)
[0724/191316.560:WARNING:pe_image_reader.cc(340)] could not read dos header from C:\WINDOWS\System32\kernel.appcore.dll
[0724/191316.560:ERROR:process_memory_win.cc(73)] ReadMemory at 0x7ffc0d860000 of 64 bytes failed: Only part of a ReadProcessMemory or WriteProcessMemory request was completed. (0x12B)
[0724/191316.560:WARNING:pe_image_reader.cc(340)] could not read dos header from C:\WINDOWS\System32\bcrypt.dll
[0724/191316.560:ERROR:process_memory_win.cc(73)] ReadMemory at 0x7ffc0b370000 of 64 bytes failed: Only part of a ReadProcessMemory or WriteProcessMemory request was completed. (0x12B)
[0724/191316.560:WARNING:pe_image_reader.cc(340)] could not read dos header from C:\WINDOWS\SYSTEM32\dbghelp.dll
[0724/191316.560:ERROR:process_memory_win.cc(73)] ReadMemory at 0x7ffc01700000 of 64 bytes failed: Only part of a ReadProcessMemory or WriteProcessMemory request was completed. (0x12B)
[0724/191316.560:WARNING:pe_image_reader.cc(340)] could not read dos header from C:\WINDOWS\SYSTEM32\WINHTTP.dll
[0724/191316.561:ERROR:process_memory_win.cc(73)] ReadMemory at 0x7ffc03c40000 of 64 bytes failed: Only part of a ReadProcessMemory or WriteProcessMemory request was completed. (0x12B)
[0724/191316.561:WARNING:pe_image_reader.cc(340)] could not read dos header from C:\WINDOWS\SYSTEM32\dhcpcsvc.DLL
[0724/191316.561:ERROR:process_memory_win.cc(73)] ReadMemory at 0x7ffc0edd0000 of 64 bytes failed: Only part of a ReadProcessMemory or WriteProcessMemory request was completed. (0x12B)
[0724/191316.561:WARNING:pe_image_reader.cc(340)] could not read dos header from C:\WINDOWS\System32\NSI.dll
[0724/191316.561:ERROR:process_memory_win.cc(73)] ReadMemory at 0x7ffc08300000 of 64 bytes failed: Only part of a ReadProcessMemory or WriteProcessMemory request was completed. (0x12B)
[0724/191316.561:WARNING:pe_image_reader.cc(340)] could not read dos header from C:\WINDOWS\SYSTEM32\WINMMBASE.dll
[0724/191316.561:ERROR:process_memory_win.cc(73)] ReadMemory at 0x7ffc0cc70000 of 64 bytes failed: Only part of a ReadProcessMemory or WriteProcessMemory request was completed. (0x12B)
[0724/191316.561:WARNING:pe_image_reader.cc(340)] could not read dos header from C:\WINDOWS\System32\cfgmgr32.dll
[0724/191316.561:ERROR:process_memory_win.cc(73)] ReadMemory at 0x7ffc08d90000 of 64 bytes failed: Only part of a ReadProcessMemory or WriteProcessMemory request was completed. (0x12B)
[0724/191316.561:WARNING:pe_image_reader.cc(340)] could not read dos header from C:\WINDOWS\SYSTEM32\PROPSYS.dll
[0724/191316.561:ERROR:process_memory_win.cc(73)] ReadMemory at 0x7ffc0ec50000 of 64 bytes failed: Only part of a ReadProcessMemory or WriteProcessMemory request was completed. (0x12B)
[0724/191316.562:WARNING:pe_image_reader.cc(340)] could not read dos header from C:\WINDOWS\System32\shcore.dll
[0724/191316.562:ERROR:process_memory_win.cc(73)] ReadMemory at 0x7ffc0ca90000 of 64 bytes failed: Only part of a ReadProcessMemory or WriteProcessMemory request was completed. (0x12B)
[0724/191316.562:WARNING:pe_image_reader.cc(340)] could not read dos header from C:\WINDOWS\SYSTEM32\SSPICLI.DLL
[0724/191316.562:ERROR:process_memory_win.cc(73)] ReadMemory at 0x7ffc0c5e0000 of 64 bytes failed: Only part of a ReadProcessMemory or WriteProcessMemory request was completed. (0x12B)
[0724/191316.562:WARNING:pe_image_reader.cc(340)] could not read dos header from C:\WINDOWS\SYSTEM32\CRYPTBASE.DLL
[0724/191317.639:ERROR:process_memory_win.cc(73)] ReadMemory at 0x7ff67b3b0000 of 64 bytes failed: Only part of a ReadProcessMemory or WriteProcessMemory request was completed. (0x12B)
[0724/191317.639:WARNING:pe_image_reader.cc(340)] could not read dos header from C:\Program Files (x86)\Google\Chrome\Application\chrome.exe
[0724/191317.639:ERROR:process_memory_win.cc(73)] ReadMemory at 0x7ffc0fce0000 of 64 bytes failed: Only part of a ReadProcessMemory or WriteProcessMemory request was completed. (0x12B)
[0724/191317.639:WARNING:pe_image_reader.cc(340)] could not read dos header from C:\WINDOWS\SYSTEM32\ntdll.dll
[0724/191317.639:ERROR:process_memory_win.cc(73)] ReadMemory at 0x7ffc0ea80000 of 64 bytes failed: Only part of a ReadProcessMemory or WriteProcessMemory request was completed. (0x12B)
[0724/191317.639:WARNING:pe_image_reader.cc(340)] could not read dos header from C:\WINDOWS\System32\KERNEL32.DLL
[0724/191317.639:ERROR:process_memory_win.cc(73)] ReadMemory at 0x7ffc0da90000 of 64 bytes failed: Only part of a ReadProcessMemory or WriteProcessMemory request was completed. (0x12B)
[0724/191317.640:WARNING:pe_image_reader.cc(340)] could not read dos header from C:\WINDOWS\System32\KERNELBASE.dll
[0724/191317.640:ERROR:process_memory_win.cc(73)] ReadMemory at 0x7ffbfd1a0000 of 64 bytes failed: Only part of a ReadProcessMemory or WriteProcessMemory request was completed. (0x12B)
[0724/191317.640:WARNING:pe_image_reader.cc(340)] could not read dos header from C:\Program Files (x86)\Google\Chrome\Application\84.0.4147.89\chrome_elf.dll
[0724/191317.640:ERROR:process_memory_win.cc(73)] ReadMemory at 0x7ffc009c0000 of 64 bytes failed: Only part of a ReadProcessMemory or WriteProcessMemory request was completed. (0x12B)
[0724/191317.640:WARNING:pe_image_reader.cc(340)] could not read dos header from C:\WINDOWS\SYSTEM32\VERSION.dll
[0724/191317.640:ERROR:process_memory_win.cc(73)] ReadMemory at 0x7ffc0fa00000 of 64 bytes failed: Only part of a ReadProcessMemory or WriteProcessMemory request was completed. (0x12B)
[0724/191317.640:WARNING:pe_image_reader.cc(340)] could not read dos header from C:\WINDOWS\System32\msvcrt.dll
[0724/191317.640:ERROR:process_memory_win.cc(73)] ReadMemory at 0x7ffc0d730000 of 64 bytes failed: Only part of a ReadProcessMemory or WriteProcessMemory request was completed. (0x12B)
[0724/191317.640:WARNING:pe_image_reader.cc(340)] could not read dos header from C:\WINDOWS\System32\bcryptPrimitives.dll
[0724/191317.640:ERROR:process_memory_win.cc(73)] ReadMemory at 0x7ffc0f7b0000 of 64 bytes failed: Only part of a ReadProcessMemory or WriteProcessMemory request was completed. (0x12B)
[0724/191317.640:WARNING:pe_image_reader.cc(340)] could not read dos header from C:\WINDOWS\System32\ADVAPI32.dll
[0724/191317.641:ERROR:process_memory_win.cc(73)] ReadMemory at 0x1dda90b0000 of 64 bytes failed: Only part of a ReadProcessMemory or WriteProcessMemory request was completed. (0x12B)
[0724/191317.641:WARNING:pe_image_reader.cc(340)] could not read dos header from C:\WINDOWS\System32\sechost.dll
[0724/191317.641:ERROR:process_memory_win.cc(73)] ReadMemory at 0x7ffc0e300000 of 64 bytes failed: Only part of a ReadProcessMemory or WriteProcessMemory request was completed. (0x12B)
[0724/191317.641:WARNING:pe_image_reader.cc(340)] could not read dos header from C:\WINDOWS\System32\RPCRT4.dll
[0724/191317.641:ERROR:process_memory_win.cc(73)] ReadMemory at 0x7ffbb6860000 of 64 bytes failed: Only part of a ReadProcessMemory or WriteProcessMemory request was completed. (0x12B)
[0724/191317.641:WARNING:pe_image_reader.cc(340)] could not read dos header from C:\Program Files (x86)\Google\Chrome\Application\84.0.4147.89\chrome.dll
[0724/191317.641:ERROR:process_memory_win.cc(73)] ReadMemory at 0x7ffc0fc30000 of 64 bytes failed: Only part of a ReadProcessMemory or WriteProcessMemory request was completed. (0x12B)
[0724/191317.641:WARNING:pe_image_reader.cc(340)] could not read dos header from C:\WINDOWS\System32\WS2_32.dll
[0724/191317.641:ERROR:process_memory_win.cc(73)] ReadMemory at 0x7ffc0ee40000 of 64 bytes failed: Only part of a ReadProcessMemory or WriteProcessMemory request was completed. (0x12B)
[0724/191317.641:WARNING:pe_image_reader.cc(340)] could not read dos header from C:\WINDOWS\System32\OLEAUT32.dll
[0724/191317.641:ERROR:process_memory_win.cc(73)] ReadMemory at 0x7ffc0ccc0000 of 64 bytes failed: Only part of a ReadProcessMemory or WriteProcessMemory request was completed. (0x12B)
[0724/191317.642:WARNING:pe_image_reader.cc(340)] could not read dos header from C:\WINDOWS\System32\msvcp_win.dll
[0724/191317.642:ERROR:process_memory_win.cc(73)] ReadMemory at 0x7ffc0d630000 of 64 bytes failed: Only part of a ReadProcessMemory or WriteProcessMemory request was completed. (0x12B)
[0724/191317.642:WARNING:pe_image_reader.cc(340)] could not read dos header from C:\WINDOWS\System32\ucrtbase.dll
[0724/191317.642:ERROR:process_memory_win.cc(73)] ReadMemory at 0x7ffc0dfc0000 of 64 bytes failed: Only part of a ReadProcessMemory or WriteProcessMemory request was completed. (0x12B)
[0724/191317.642:WARNING:pe_image_reader.cc(340)] could not read dos header from C:\WINDOWS\System32\combase.dll
[0724/191317.642:ERROR:process_memory_win.cc(73)] ReadMemory at 0x7ffc0d890000 of 64 bytes failed: Only part of a ReadProcessMemory or WriteProcessMemory request was completed. (0x12B)
[0724/191317.642:WARNING:pe_image_reader.cc(340)] could not read dos header from C:\WINDOWS\System32\WINTRUST.dll
[0724/191317.642:ERROR:process_memory_win.cc(73)] ReadMemory at 0x7ffc0cc50000 of 64 bytes failed: Only part of a ReadProcessMemory or WriteProcessMemory request was completed. (0x12B)
[0724/191317.642:WARNING:pe_image_reader.cc(340)] could not read dos header from C:\WINDOWS\System32\MSASN1.dll
[0724/191317.643:ERROR:process_memory_win.cc(73)] ReadMemory at 0x7ffc0d4e0000 of 64 bytes failed: Only part of a ReadProcessMemory or WriteProcessMemory request was completed. (0x12B)
[0724/191317.643:WARNING:pe_image_reader.cc(340)] could not read dos header from C:\WINDOWS\System32\CRYPT32.dll
[0724/191317.643:ERROR:process_memory_win.cc(73)] ReadMemory at 0x7ffc0c120000 of 64 bytes failed: Only part of a ReadProcessMemory or WriteProcessMemory request was completed. (0x12B)
[0724/191317.643:WARNING:pe_image_reader.cc(340)] could not read dos header from C:\WINDOWS\SYSTEM32\IPHLPAPI.DLL
[0724/191317.643:ERROR:process_memory_win.cc(73)] ReadMemory at 0x7ffc08330000 of 64 bytes failed: Only part of a ReadProcessMemory or WriteProcessMemory request was completed. (0x12B)
[0724/191317.643:WARNING:pe_image_reader.cc(340)] could not read dos header from C:\WINDOWS\SYSTEM32\WINMM.dll
[0724/191317.643:ERROR:process_memory_win.cc(73)] ReadMemory at 0x7ffbfe9a0000 of 64 bytes failed: Only part of a ReadProcessMemory or WriteProcessMemory request was completed. (0x12B)
[0724/191317.643:WARNING:pe_image_reader.cc(340)] could not read dos header from C:\WINDOWS\SYSTEM32\Secur32.dll
[0724/191317.643:ERROR:process_memory_win.cc(73)] ReadMemory at 0x7ffc0cac0000 of 64 bytes failed: Only part of a ReadProcessMemory or WriteProcessMemory request was completed. (0x12B)
[0724/191317.643:WARNING:pe_image_reader.cc(340)] could not read dos header from C:\WINDOWS\SYSTEM32\USERENV.dll
[0724/191317.644:ERROR:process_memory_win.cc(73)] ReadMemory at 0x7ffc0cbb0000 of 64 bytes failed: Only part of a ReadProcessMemory or WriteProcessMemory request was completed. (0x12B)
[0724/191317.644:WARNING:pe_image_reader.cc(340)] could not read dos header from C:\WINDOWS\System32\profapi.dll
[0724/191317.644:ERROR:process_memory_win.cc(73)] ReadMemory at 0x7ffbdf440000 of 64 bytes failed: Only part of a ReadProcessMemory or WriteProcessMemory request was completed. (0x12B)
[0724/191317.644:WARNING:pe_image_reader.cc(340)] could not read dos header from C:\WINDOWS\SYSTEM32\UIAutomationCore.DLL
[0724/191317.644:ERROR:process_memory_win.cc(73)] ReadMemory at 0x7ffbe36c0000 of 64 bytes failed: Only part of a ReadProcessMemory or WriteProcessMemory request was completed. (0x12B)
[0724/191317.644:WARNING:pe_image_reader.cc(340)] could not read dos header from C:\WINDOWS\SYSTEM32\DWrite.dll
[0724/191317.644:ERROR:process_memory_win.cc(73)] ReadMemory at 0x7ffbecda0000 of 64 bytes failed: Only part of a ReadProcessMemory or WriteProcessMemory request was completed. (0x12B)
[0724/191317.644:WARNING:pe_image_reader.cc(340)] could not read dos header from C:\WINDOWS\SYSTEM32\WINSPOOL.DRV
[0724/191317.644:ERROR:process_memory_win.cc(73)] ReadMemory at 0x7ffc0cbe0000 of 64 bytes failed: Only part of a ReadProcessMemory or WriteProcessMemory request was completed. (0x12B)
[0724/191317.644:WARNING:pe_image_reader.cc(340)] could not read dos header from C:\WINDOWS\System32\kernel.appcore.dll
[0724/191317.645:ERROR:process_memory_win.cc(73)] ReadMemory at 0x7ffc0d860000 of 64 bytes failed: Only part of a ReadProcessMemory or WriteProcessMemory request was completed. (0x12B)
[0724/191317.645:WARNING:pe_image_reader.cc(340)] could not read dos header from C:\WINDOWS\System32\bcrypt.dll
[0724/191317.645:ERROR:process_memory_win.cc(73)] ReadMemory at 0x7ffc0b370000 of 64 bytes failed: Only part of a ReadProcessMemory or WriteProcessMemory request was completed. (0x12B)
[0724/191317.645:WARNING:pe_image_reader.cc(340)] could not read dos header from C:\WINDOWS\SYSTEM32\dbghelp.dll
[0724/191317.645:ERROR:process_memory_win.cc(73)] ReadMemory at 0x7ffc01700000 of 64 bytes failed: Only part of a ReadProcessMemory or WriteProcessMemory request was completed. (0x12B)
[0724/191317.645:WARNING:pe_image_reader.cc(340)] could not read dos header from C:\WINDOWS\SYSTEM32\WINHTTP.dll
[0724/191317.645:ERROR:process_memory_win.cc(73)] ReadMemory at 0x7ffc03c40000 of 64 bytes failed: Only part of a ReadProcessMemory or WriteProcessMemory request was completed. (0x12B)
[0724/191317.645:WARNING:pe_image_reader.cc(340)] could not read dos header from C:\WINDOWS\SYSTEM32\dhcpcsvc.DLL
[0724/191317.645:ERROR:process_memory_win.cc(73)] ReadMemory at 0x7ffc0edd0000 of 64 bytes failed: Only part of a ReadProcessMemory or WriteProcessMemory request was completed. (0x12B)
[0724/191317.645:WARNING:pe_image_reader.cc(340)] could not read dos header from C:\WINDOWS\System32\NSI.dll
[0724/191317.645:ERROR:process_memory_win.cc(73)] ReadMemory at 0x7ffc08300000 of 64 bytes failed: Only part of a ReadProcessMemory or WriteProcessMemory request was completed. (0x12B)
[0724/191317.646:WARNING:pe_image_reader.cc(340)] could not read dos header from C:\WINDOWS\SYSTEM32\WINMMBASE.dll
[0724/191317.646:ERROR:process_memory_win.cc(73)] ReadMemory at 0x7ffc0cc70000 of 64 bytes failed: Only part of a ReadProcessMemory or WriteProcessMemory request was completed. (0x12B)
[0724/191317.646:WARNING:pe_image_reader.cc(340)] could not read dos header from C:\WINDOWS\System32\cfgmgr32.dll
[0724/191317.646:ERROR:process_memory_win.cc(73)] ReadMemory at 0x7ffc08d90000 of 64 bytes failed: Only part of a ReadProcessMemory or WriteProcessMemory request was completed. (0x12B)
[0724/191317.646:WARNING:pe_image_reader.cc(340)] could not read dos header from C:\WINDOWS\SYSTEM32\PROPSYS.dll
[0724/191317.646:ERROR:process_memory_win.cc(73)] ReadMemory at 0x7ffc0ec50000 of 64 bytes failed: Only part of a ReadProcessMemory or WriteProcessMemory request was completed. (0x12B)
[0724/191317.646:WARNING:pe_image_reader.cc(340)] could not read dos header from C:\WINDOWS\System32\shcore.dll
[0724/191317.646:ERROR:process_memory_win.cc(73)] ReadMemory at 0x7ffc0ca90000 of 64 bytes failed: Only part of a ReadProcessMemory or WriteProcessMemory request was completed. (0x12B)
[0724/191317.646:WARNING:pe_image_reader.cc(340)] could not read dos header from C:\WINDOWS\SYSTEM32\SSPICLI.DLL
[0724/191317.646:ERROR:process_memory_win.cc(73)] ReadMemory at 0x7ffc0c5e0000 of 64 bytes failed: Only part of a ReadProcessMemory or WriteProcessMemory request was completed. (0x12B)
[0724/191317.646:WARNING:pe_image_reader.cc(340)] could not read dos header from C:\WINDOWS\SYSTEM32\CRYPTBASE.DLL
[0724/191317.647:ERROR:process_memory_win.cc(73)] ReadMemory at 0x7ff67b3b0000 of 64 bytes failed: Only part of a ReadProcessMemory or WriteProcessMemory request was completed. (0x12B)
[0724/191317.647:WARNING:pe_image_reader.cc(340)] could not read dos header from C:\Program Files (x86)\Google\Chrome\Application\chrome.exe
[0724/191317.647:ERROR:process_memory_win.cc(73)] ReadMemory at 0x7ffc0fce0000 of 64 bytes failed: Only part of a ReadProcessMemory or WriteProcessMemory request was completed. (0x12B)
[0724/191317.647:WARNING:pe_image_reader.cc(340)] could not read dos header from C:\WINDOWS\SYSTEM32\ntdll.dll
[0724/191317.647:ERROR:process_memory_win.cc(73)] ReadMemory at 0x7ffc0ea80000 of 64 bytes failed: Only part of a ReadProcessMemory or WriteProcessMemory request was completed. (0x12B)
[0724/191317.647:WARNING:pe_image_reader.cc(340)] could not read dos header from C:\WINDOWS\System32\KERNEL32.DLL
[0724/191317.647:ERROR:process_memory_win.cc(73)] ReadMemory at 0x7ffc0da90000 of 64 bytes failed: Only part of a ReadProcessMemory or WriteProcessMemory request was completed. (0x12B)
[0724/191317.647:WARNING:pe_image_reader.cc(340)] could not read dos header from C:\WINDOWS\System32\KERNELBASE.dll
[0724/191317.647:ERROR:process_memory_win.cc(73)] ReadMemory at 0x7ffbfd1a0000 of 64 bytes failed: Only part of a ReadProcessMemory or WriteProcessMemory request was completed. (0x12B)
[0724/191317.648:WARNING:pe_image_reader.cc(340)] could not read dos header from C:\Program Files (x86)\Google\Chrome\Application\84.0.4147.89\chrome_elf.dll
[0724/191317.648:ERROR:process_memory_win.cc(73)] ReadMemory at 0x7ffc009c0000 of 64 bytes failed: Only part of a ReadProcessMemory or WriteProcessMemory request was completed. (0x12B)
[0724/191317.648:WARNING:pe_image_reader.cc(340)] could not read dos header from C:\WINDOWS\SYSTEM32\VERSION.dll
[0724/191317.648:ERROR:process_memory_win.cc(73)] ReadMemory at 0x7ffc0fa00000 of 64 bytes failed: Only part of a ReadProcessMemory or WriteProcessMemory request was completed. (0x12B)
[0724/191317.648:WARNING:pe_image_reader.cc(340)] could not read dos header from C:\WINDOWS\System32\msvcrt.dll
[0724/191317.648:ERROR:process_memory_win.cc(73)] ReadMemory at 0x7ffc0d730000 of 64 bytes failed: Only part of a ReadProcessMemory or WriteProcessMemory request was completed. (0x12B)
[0724/191317.648:WARNING:pe_image_reader.cc(340)] could not read dos header from C:\WINDOWS\System32\bcryptPrimitives.dll
[0724/191317.648:ERROR:process_memory_win.cc(73)] ReadMemory at 0x7ffc0f7b0000 of 64 bytes failed: Only part of a ReadProcessMemory or WriteProcessMemory request was completed. (0x12B)
[0724/191317.648:WARNING:pe_image_reader.cc(340)] could not read dos header from C:\WINDOWS\System32\ADVAPI32.dll
[0724/191317.648:ERROR:process_memory_win.cc(73)] ReadMemory at 0x1dda90b0000 of 64 bytes failed: Only part of a ReadProcessMemory or WriteProcessMemory request was completed. (0x12B)
[0724/191317.648:WARNING:pe_image_reader.cc(340)] could not read dos header from C:\WINDOWS\System32\sechost.dll
[0724/191317.649:ERROR:process_memory_win.cc(73)] ReadMemory at 0x7ffc0e300000 of 64 bytes failed: Only part of a ReadProcessMemory or WriteProcessMemory request was completed. (0x12B)
[0724/191317.649:WARNING:pe_image_reader.cc(340)] could not read dos header from C:\WINDOWS\System32\RPCRT4.dll
[0724/191317.649:ERROR:process_memory_win.cc(73)] ReadMemory at 0x7ffbb6860000 of 64 bytes failed: Only part of a ReadProcessMemory or WriteProcessMemory request was completed. (0x12B)
[0724/191317.649:WARNING:pe_image_reader.cc(340)] could not read dos header from C:\Program Files (x86)\Google\Chrome\Application\84.0.4147.89\chrome.dll
[0724/191317.649:ERROR:process_memory_win.cc(73)] ReadMemory at 0x7ffc0fc30000 of 64 bytes failed: Only part of a ReadProcessMemory or WriteProcessMemory request was completed. (0x12B)
[0724/191317.649:WARNING:pe_image_reader.cc(340)] could not read dos header from C:\WINDOWS\System32\WS2_32.dll
[0724/191317.649:ERROR:process_memory_win.cc(73)] ReadMemory at 0x7ffc0ee40000 of 64 bytes failed: Only part of a ReadProcessMemory or WriteProcessMemory request was completed. (0x12B)
[0724/191317.649:WARNING:pe_image_reader.cc(340)] could not read dos header from C:\WINDOWS\System32\OLEAUT32.dll
[0724/191317.649:ERROR:process_memory_win.cc(73)] ReadMemory at 0x7ffc0ccc0000 of 64 bytes failed: Only part of a ReadProcessMemory or WriteProcessMemory request was completed. (0x12B)
[0724/191317.649:WARNING:pe_image_reader.cc(340)] could not read dos header from C:\WINDOWS\System32\msvcp_win.dll
[0724/191317.649:ERROR:process_memory_win.cc(73)] ReadMemory at 0x7ffc0d630000 of 64 bytes failed: Only part of a ReadProcessMemory or WriteProcessMemory request was completed. (0x12B)
[0724/191317.650:WARNING:pe_image_reader.cc(340)] could not read dos header from C:\WINDOWS\System32\ucrtbase.dll
[0724/191317.650:ERROR:process_memory_win.cc(73)] ReadMemory at 0x7ffc0dfc0000 of 64 bytes failed: Only part of a ReadProcessMemory or WriteProcessMemory request was completed. (0x12B)
[0724/191317.650:WARNING:pe_image_reader.cc(340)] could not read dos header from C:\WINDOWS\System32\combase.dll
[0724/191317.650:ERROR:process_memory_win.cc(73)] ReadMemory at 0x7ffc0d890000 of 64 bytes failed: Only part of a ReadProcessMemory or WriteProcessMemory request was completed. (0x12B)
[0724/191317.650:WARNING:pe_image_reader.cc(340)] could not read dos header from C:\WINDOWS\System32\WINTRUST.dll
[0724/191317.650:ERROR:process_memory_win.cc(73)] ReadMemory at 0x7ffc0cc50000 of 64 bytes failed: Only part of a ReadProcessMemory or WriteProcessMemory request was completed. (0x12B)
[0724/191317.650:WARNING:pe_image_reader.cc(340)] could not read dos header from C:\WINDOWS\System32\MSASN1.dll
[0724/191317.650:ERROR:process_memory_win.cc(73)] ReadMemory at 0x7ffc0d4e0000 of 64 bytes failed: Only part of a ReadProcessMemory or WriteProcessMemory request was completed. (0x12B)
[0724/191317.650:WARNING:pe_image_reader.cc(340)] could not read dos header from C:\WINDOWS\System32\CRYPT32.dll
[0724/191317.651:ERROR:process_memory_win.cc(73)] ReadMemory at 0x7ffc0c120000 of 64 bytes failed: Only part of a ReadProcessMemory or WriteProcessMemory request was completed. (0x12B)
[0724/191317.651:WARNING:pe_image_reader.cc(340)] could not read dos header from C:\WINDOWS\SYSTEM32\IPHLPAPI.DLL
[0724/191317.651:ERROR:process_memory_win.cc(73)] ReadMemory at 0x7ffc08330000 of 64 bytes failed: Only part of a ReadProcessMemory or WriteProcessMemory request was completed. (0x12B)
[0724/191317.651:WARNING:pe_image_reader.cc(340)] could not read dos header from C:\WINDOWS\SYSTEM32\WINMM.dll
[0724/191317.651:ERROR:process_memory_win.cc(73)] ReadMemory at 0x7ffbfe9a0000 of 64 bytes failed: Only part of a ReadProcessMemory or WriteProcessMemory request was completed. (0x12B)
[0724/191317.651:WARNING:pe_image_reader.cc(340)] could not read dos header from C:\WINDOWS\SYSTEM32\Secur32.dll
[0724/191317.651:ERROR:process_memory_win.cc(73)] ReadMemory at 0x7ffc0cac0000 of 64 bytes failed: Only part of a ReadProcessMemory or WriteProcessMemory request was completed. (0x12B)
[0724/191317.651:WARNING:pe_image_reader.cc(340)] could not read dos header from C:\WINDOWS\SYSTEM32\USERENV.dll
[0724/191317.651:ERROR:process_memory_win.cc(73)] ReadMemory at 0x7ffc0cbb0000 of 64 bytes failed: Only part of a ReadProcessMemory or WriteProcessMemory request was completed. (0x12B)
[0724/191317.651:WARNING:pe_image_reader.cc(340)] could not read dos header from C:\WINDOWS\System32\profapi.dll
[0724/191317.651:ERROR:process_memory_win.cc(73)] ReadMemory at 0x7ffbdf440000 of 64 bytes failed: Only part of a ReadProcessMemory or WriteProcessMemory request was completed. (0x12B)
[0724/191317.652:WARNING:pe_image_reader.cc(340)] could not read dos header from C:\WINDOWS\SYSTEM32\UIAutomationCore.DLL
[0724/191317.652:ERROR:process_memory_win.cc(73)] ReadMemory at 0x7ffbe36c0000 of 64 bytes failed: Only part of a ReadProcessMemory or WriteProcessMemory request was completed. (0x12B)
[0724/191317.652:WARNING:pe_image_reader.cc(340)] could not read dos header from C:\WINDOWS\SYSTEM32\DWrite.dll
[0724/191317.652:ERROR:process_memory_win.cc(73)] ReadMemory at 0x7ffbecda0000 of 64 bytes failed: Only part of a ReadProcessMemory or WriteProcessMemory request was completed. (0x12B)
[0724/191317.652:WARNING:pe_image_reader.cc(340)] could not read dos header from C:\WINDOWS\SYSTEM32\WINSPOOL.DRV
[0724/191317.652:ERROR:process_memory_win.cc(73)] ReadMemory at 0x7ffc0cbe0000 of 64 bytes failed: Only part of a ReadProcessMemory or WriteProcessMemory request was completed. (0x12B)
[0724/191317.652:WARNING:pe_image_reader.cc(340)] could not read dos header from C:\WINDOWS\System32\kernel.appcore.dll
[0724/191317.652:ERROR:process_memory_win.cc(73)] ReadMemory at 0x7ffc0d860000 of 64 bytes failed: Only part of a ReadProcessMemory or WriteProcessMemory request was completed. (0x12B)
[0724/191317.652:WARNING:pe_image_reader.cc(340)] could not read dos header from C:\WINDOWS\System32\bcrypt.dll
[0724/191317.652:ERROR:process_memory_win.cc(73)] ReadMemory at 0x7ffc0b370000 of 64 bytes failed: Only part of a ReadProcessMemory or WriteProcessMemory request was completed. (0x12B)
[0724/191317.653:WARNING:pe_image_reader.cc(340)] could not read dos header from C:\WINDOWS\SYSTEM32\dbghelp.dll
[0724/191317.653:ERROR:process_memory_win.cc(73)] ReadMemory at 0x7ffc01700000 of 64 bytes failed: Only part of a ReadProcessMemory or WriteProcessMemory request was completed. (0x12B)
[0724/191317.653:WARNING:pe_image_reader.cc(340)] could not read dos header from C:\WINDOWS\SYSTEM32\WINHTTP.dll
[0724/191317.653:ERROR:process_memory_win.cc(73)] ReadMemory at 0x7ffc03c40000 of 64 bytes failed: Only part of a ReadProcessMemory or WriteProcessMemory request was completed. (0x12B)
[0724/191317.653:WARNING:pe_image_reader.cc(340)] could not read dos header from C:\WINDOWS\SYSTEM32\dhcpcsvc.DLL
[0724/191317.653:ERROR:process_memory_win.cc(73)] ReadMemory at 0x7ffc0edd0000 of 64 bytes failed: Only part of a ReadProcessMemory or WriteProcessMemory request was completed. (0x12B)
[0724/191317.653:WARNING:pe_image_reader.cc(340)] could not read dos header from C:\WINDOWS\System32\NSI.dll
[0724/191317.653:ERROR:process_memory_win.cc(73)] ReadMemory at 0x7ffc08300000 of 64 bytes failed: Only part of a ReadProcessMemory or WriteProcessMemory request was completed. (0x12B)
[0724/191317.653:WARNING:pe_image_reader.cc(340)] could not read dos header from C:\WINDOWS\SYSTEM32\WINMMBASE.dll
[0724/191317.653:ERROR:process_memory_win.cc(73)] ReadMemory at 0x7ffc0cc70000 of 64 bytes failed: Only part of a ReadProcessMemory or WriteProcessMemory request was completed. (0x12B)
[0724/191317.653:WARNING:pe_image_reader.cc(340)] could not read dos header from C:\WINDOWS\System32\cfgmgr32.dll
[0724/191317.654:ERROR:process_memory_win.cc(73)] ReadMemory at 0x7ffc08d90000 of 64 bytes failed: Only part of a ReadProcessMemory or WriteProcessMemory request was completed. (0x12B)
[0724/191317.654:WARNING:pe_image_reader.cc(340)] could not read dos header from C:\WINDOWS\SYSTEM32\PROPSYS.dll
[0724/191317.654:ERROR:process_memory_win.cc(73)] ReadMemory at 0x7ffc0ec50000 of 64 bytes failed: Only part of a ReadProcessMemory or WriteProcessMemory request was completed. (0x12B)
[0724/191317.654:WARNING:pe_image_reader.cc(340)] could not read dos header from C:\WINDOWS\System32\shcore.dll
[0724/191317.654:ERROR:process_memory_win.cc(73)] ReadMemory at 0x7ffc0ca90000 of 64 bytes failed: Only part of a ReadProcessMemory or WriteProcessMemory request was completed. (0x12B)
[0724/191317.654:WARNING:pe_image_reader.cc(340)] could not read dos header from C:\WINDOWS\SYSTEM32\SSPICLI.DLL
[0724/191317.654:ERROR:process_memory_win.cc(73)] ReadMemory at 0x7ffc0c5e0000 of 64 bytes failed: Only part of a ReadProcessMemory or WriteProcessMemory request was completed. (0x12B)
[0724/191317.654:WARNING:pe_image_reader.cc(340)] could not read dos header from C:\WINDOWS\SYSTEM32\CRYPTBASE.DLL
[0724/191317.670:ERROR:process_memory_win.cc(73)] ReadMemory at 0x4668bf5000 of 45056 bytes failed: Only part of a ReadProcessMemory or WriteProcessMemory request was completed. (0x12B)
[0724/191317.671:ERROR:process_memory_win.cc(73)] ReadMemory at 0x46693fd000 of 12288 bytes failed: Only part of a ReadProcessMemory or WriteProcessMemory request was completed. (0x12B)
[0724/191317.671:ERROR:process_memory_win.cc(73)] ReadMemory at 0x4669bf6000 of 40960 bytes failed: Only part of a ReadProcessMemory or WriteProcessMemory request was completed. (0x12B)
[0724/191317.671:ERROR:process_memory_win.cc(73)] ReadMemory at 0x466a3fc000 of 16384 bytes failed: Only part of a ReadProcessMemory or WriteProcessMemory request was completed. (0x12B)
[0724/191317.671:ERROR:process_memory_win.cc(73)] ReadMemory at 0x466abfb000 of 20480 bytes failed: Only part of a ReadProcessMemory or WriteProcessMemory request was completed. (0x12B)
[0724/191317.672:ERROR:process_memory_win.cc(73)] ReadMemory at 0x466b3fe000 of 8192 bytes failed: Only part of a ReadProcessMemory or WriteProcessMemory request was completed. (0x12B)
[0724/191317.672:ERROR:process_memory_win.cc(73)] ReadMemory at 0x466bbfd000 of 12288 bytes failed: Only part of a ReadProcessMemory or WriteProcessMemory request was completed. (0x12B)
[0724/191317.672:ERROR:process_memory_win.cc(73)] ReadMemory at 0x466c3fb000 of 20480 bytes failed: Only part of a ReadProcessMemory or WriteProcessMemory request was completed. (0x12B)
[0724/191317.672:ERROR:process_memory_win.cc(73)] ReadMemory at 0x466cbfd000 of 12288 bytes failed: Only part of a ReadProcessMemory or WriteProcessMemory request was completed. (0x12B)
[0724/191317.672:ERROR:process_memory_win.cc(73)] ReadMemory at 0x466d3fd000 of 12288 bytes failed: Only part of a ReadProcessMemory or WriteProcessMemory request was completed. (0x12B)
[0724/191317.672:ERROR:process_memory_win.cc(73)] ReadMemory at 0x466dbfd000 of 12288 bytes failed: Only part of a ReadProcessMemory or WriteProcessMemory request was completed. (0x12B)
[0724/191317.673:ERROR:process_memory_win.cc(73)] ReadMemory at 0x466e3fd000 of 12288 bytes failed: Only part of a ReadProcessMemory or WriteProcessMemory request was completed. (0x12B)
[0724/191317.673:ERROR:process_memory_win.cc(73)] ReadMemory at 0x466ebfc000 of 16384 bytes failed: Only part of a ReadProcessMemory or WriteProcessMemory request was completed. (0x12B)
[0724/191317.673:ERROR:process_memory_win.cc(73)] ReadMemory at 0x466f3fc000 of 16384 bytes failed: Only part of a ReadProcessMemory or WriteProcessMemory request was completed. (0x12B)
[0724/191317.673:ERROR:process_memory_win.cc(73)] ReadMemory at 0x466fbfe000 of 8192 bytes failed: Only part of a ReadProcessMemory or WriteProcessMemory request was completed. (0x12B)
[0724/191317.673:ERROR:process_memory_win.cc(73)] ReadMemory at 0x466822a000 of 852 bytes failed: Only part of a ReadProcessMemory or WriteProcessMemory request was completed. (0x12B)
[0724/191317.673:ERROR:process_memory_win.cc(73)] ReadMemory at 0x466822b000 of 6024 bytes failed: Only part of a ReadProcessMemory or WriteProcessMemory request was completed. (0x12B)
[0724/191317.673:ERROR:process_memory_win.cc(73)] ReadMemory at 0x466822d000 of 6024 bytes failed: Only part of a ReadProcessMemory or WriteProcessMemory request was completed. (0x12B)
[0724/191317.673:ERROR:process_memory_win.cc(73)] ReadMemory at 0x466822f000 of 6024 bytes failed: Only part of a ReadProcessMemory or WriteProcessMemory request was completed. (0x12B)
[0724/191317.674:ERROR:process_memory_win.cc(73)] ReadMemory at 0x4668231000 of 6024 bytes failed: Only part of a ReadProcessMemory or WriteProcessMemory request was completed. (0x12B)
[0724/191317.674:ERROR:process_memory_win.cc(73)] ReadMemory at 0x4668233000 of 6024 bytes failed: Only part of a ReadProcessMemory or WriteProcessMemory request was completed. (0x12B)
[0724/191317.674:ERROR:process_memory_win.cc(73)] ReadMemory at 0x4668235000 of 6024 bytes failed: Only part of a ReadProcessMemory or WriteProcessMemory request was completed. (0x12B)
[0724/191317.674:ERROR:process_memory_win.cc(73)] ReadMemory at 0x4668237000 of 6024 bytes failed: Only part of a ReadProcessMemory or WriteProcessMemory request was completed. (0x12B)
[0724/191317.674:ERROR:process_memory_win.cc(73)] ReadMemory at 0x4668239000 of 6024 bytes failed: Only part of a ReadProcessMemory or WriteProcessMemory request was completed. (0x12B)
[0724/191317.674:ERROR:process_memory_win.cc(73)] ReadMemory at 0x466823b000 of 6024 bytes failed: Only part of a ReadProcessMemory or WriteProcessMemory request was completed. (0x12B)
[0724/191317.674:ERROR:process_memory_win.cc(73)] ReadMemory at 0x466823d000 of 6024 bytes failed: Only part of a ReadProcessMemory or WriteProcessMemory request was completed. (0x12B)
[0724/191317.797:ERROR:process_memory_win.cc(73)] ReadMemory at 0x466823f000 of 6024 bytes failed: Only part of a ReadProcessMemory or WriteProcessMemory request was completed. (0x12B)
[0724/191317.797:ERROR:process_memory_win.cc(73)] ReadMemory at 0x4668241000 of 6024 bytes failed: Only part of a ReadProcessMemory or WriteProcessMemory request was completed. (0x12B)
[0724/191317.797:ERROR:process_memory_win.cc(73)] ReadMemory at 0x4668245000 of 6024 bytes failed: Only part of a ReadProcessMemory or WriteProcessMemory request was completed. (0x12B)
[0724/191317.797:ERROR:process_memory_win.cc(73)] ReadMemory at 0x4668247000 of 6024 bytes failed: Only part of a ReadProcessMemory or WriteProcessMemory request was completed. (0x12B)
[0724/191317.797:ERROR:process_memory_win.cc(73)] ReadMemory at 0x4668249000 of 6024 bytes failed: Only part of a ReadProcessMemory or WriteProcessMemory request was completed. (0x12B)
[0724/191317.797:ERROR:process_memory_win.cc(73)] ReadMemory at 0x1dda8ba0000 of 384 bytes failed: Only part of a ReadProcessMemory or WriteProcessMemory request was completed. (0x12B)
[0724/191317.797:ERROR:process_memory_win.cc(73)] ReadMemory at 0x1dda8ba0fe0 of 16952 bytes failed: Only part of a ReadProcessMemory or WriteProcessMemory request was completed. (0x12B)
[0724/191317.797:ERROR:process_memory_win.cc(73)] ReadMemory at 0x1dda8ba5220 of 1012 bytes failed: Only part of a ReadProcessMemory or WriteProcessMemory request was completed. (0x12B)
[0724/191317.798:ERROR:process_memory_win.cc(73)] ReadMemory at 0x1dda8ba5868 of 118 bytes failed: Only part of a ReadProcessMemory or WriteProcessMemory request was completed. (0x12B)
[0724/191317.798:ERROR:process_memory_win.cc(73)] ReadMemory at 0x1dda8ba58e0 of 756 bytes failed: Only part of a ReadProcessMemory or WriteProcessMemory request was completed. (0x12B)
[0724/191317.798:ERROR:process_memory_win.cc(73)] ReadMemory at 0x1dda8ba5bd6 of 118 bytes failed: Only part of a ReadProcessMemory or WriteProcessMemory request was completed. (0x12B)
[0724/191317.798:ERROR:process_memory_win.cc(73)] ReadMemory at 0x1dda8ba5c4e of 100 bytes failed: Only part of a ReadProcessMemory or WriteProcessMemory request was completed. (0x12B)
[0724/191317.798:ERROR:process_memory_win.cc(73)] ReadMemory at 0x1dda8ba5cc0 of 58 bytes failed: Only part of a ReadProcessMemory or WriteProcessMemory request was completed. (0x12B)
[0724/191317.798:ERROR:process_memory_win.cc(73)] ReadMemory at 0x1dda8ba5dc0 of 132 bytes failed: Only part of a ReadProcessMemory or WriteProcessMemory request was completed. (0x12B)
[0724/191317.798:ERROR:process_memory_win.cc(73)] ReadMemory at 0x1dda8ba5f50 of 132 bytes failed: Only part of a ReadProcessMemory or WriteProcessMemory request was completed. (0x12B)
[0724/191317.798:ERROR:process_memory_win.cc(73)] ReadMemory at 0x1dda8ba6110 of 124 bytes failed: Only part of a ReadProcessMemory or WriteProcessMemory request was completed. (0x12B)
[0724/191317.798:ERROR:process_memory_win.cc(73)] ReadMemory at 0x1dda8ba64f0 of 132 bytes failed: Only part of a ReadProcessMemory or WriteProcessMemory request was completed. (0x12B)
[0724/191317.798:ERROR:process_memory_win.cc(73)] ReadMemory at 0x1dda8ba6680 of 64 bytes failed: Only part of a ReadProcessMemory or WriteProcessMemory request was completed. (0x12B)
[0724/191317.799:ERROR:process_memory_win.cc(73)] ReadMemory at 0x1dda8ba6840 of 132 bytes failed: Only part of a ReadProcessMemory or WriteProcessMemory request was completed. (0x12B)
[0724/191317.799:ERROR:process_memory_win.cc(73)] ReadMemory at 0x1dda8ba6ae0 of 132 bytes failed: Only part of a ReadProcessMemory or WriteProcessMemory request was completed. (0x12B)
[0724/191317.799:ERROR:process_memory_win.cc(73)] ReadMemory at 0x1dda8ba6c70 of 68 bytes failed: Only part of a ReadProcessMemory or WriteProcessMemory request was completed. (0x12B)
[0724/191317.799:ERROR:process_memory_win.cc(73)] ReadMemory at 0x1dda8ba7d40 of 132 bytes failed: Only part of a ReadProcessMemory or WriteProcessMemory request was completed. (0x12B)
[0724/191317.799:ERROR:process_memory_win.cc(73)] ReadMemory at 0x1dda8ba7ed0 of 152 bytes failed: Only part of a ReadProcessMemory or WriteProcessMemory request was completed. (0x12B)
[0724/191317.799:ERROR:process_memory_win.cc(73)] ReadMemory at 0x1dda8ba8c10 of 132 bytes failed: Only part of a ReadProcessMemory or WriteProcessMemory request was completed. (0x12B)
[0724/191317.799:ERROR:process_memory_win.cc(73)] ReadMemory at 0x1dda8ba9d60 of 62 bytes failed: Only part of a ReadProcessMemory or WriteProcessMemory request was completed. (0x12B)
[0724/191317.799:ERROR:process_memory_win.cc(73)] ReadMemory at 0x1dda8ba9f20 of 60 bytes failed: Only part of a ReadProcessMemory or WriteProcessMemory request was completed. (0x12B)
[0724/191317.799:ERROR:process_memory_win.cc(73)] ReadMemory at 0x1dda8bb0860 of 512 bytes failed: Only part of a ReadProcessMemory or WriteProcessMemory request was completed. (0x12B)
[0724/191317.799:ERROR:process_memory_win.cc(73)] ReadMemory at 0x1dda8bb89f0 of 54 bytes failed: Only part of a ReadProcessMemory or WriteProcessMemory request was completed. (0x12B)
[0724/191317.800:ERROR:process_memory_win.cc(73)] ReadMemory at 0x1dda8bba980 of 80 bytes failed: Only part of a ReadProcessMemory or WriteProcessMemory request was completed. (0x12B)
[0724/191317.800:ERROR:process_memory_win.cc(73)] ReadMemory at 0x1dda8bbc690 of 132 bytes failed: Only part of a ReadProcessMemory or WriteProcessMemory request was completed. (0x12B)
[0724/191317.800:ERROR:process_memory_win.cc(73)] ReadMemory at 0x1dda8bbd820 of 132 bytes failed: Only part of a ReadProcessMemory or WriteProcessMemory request was completed. (0x12B)
[0724/191317.800:ERROR:process_memory_win.cc(73)] ReadMemory at 0x1dda8bbd950 of 132 bytes failed: Only part of a ReadProcessMemory or WriteProcessMemory request was completed. (0x12B)
[0724/191317.800:ERROR:process_memory_win.cc(73)] ReadMemory at 0x1dda8bbda80 of 132 bytes failed: Only part of a ReadProcessMemory or WriteProcessMemory request was completed. (0x12B)
[0724/191317.800:ERROR:process_memory_win.cc(73)] ReadMemory at 0x1dda8bbdbb0 of 132 bytes failed: Only part of a ReadProcessMemory or WriteProcessMemory request was completed. (0x12B)
[0724/191317.800:ERROR:process_memory_win.cc(73)] ReadMemory at 0x1dda8bbdce0 of 132 bytes failed: Only part of a ReadProcessMemory or WriteProcessMemory request was completed. (0x12B)
[0724/191317.800:ERROR:process_memory_win.cc(73)] ReadMemory at 0x1dda8bbde10 of 132 bytes failed: Only part of a ReadProcessMemory or WriteProcessMemory request was completed. (0x12B)
[0724/191317.800:ERROR:process_memory_win.cc(73)] ReadMemory at 0x1dda8bbdf40 of 132 bytes failed: Only part of a ReadProcessMemory or WriteProcessMemory request was completed. (0x12B)
[0724/191317.900:ERROR:process_memory_win.cc(73)] ReadMemory at 0x1dda8bbe070 of 132 bytes failed: Only part of a ReadProcessMemory or WriteProcessMemory request was completed. (0x12B)
[0724/191317.900:ERROR:process_memory_win.cc(73)] ReadMemory at 0x1dda8bbe1a0 of 132 bytes failed: Only part of a ReadProcessMemory or WriteProcessMemory request was completed. (0x12B)
[0724/191317.900:ERROR:process_memory_win.cc(73)] ReadMemory at 0x1dda8bbe2d0 of 132 bytes failed: Only part of a ReadProcessMemory or WriteProcessMemory request was completed. (0x12B)
[0724/191317.900:ERROR:process_memory_win.cc(73)] ReadMemory at 0x1dda8bbe530 of 132 bytes failed: Only part of a ReadProcessMemory or WriteProcessMemory request was completed. (0x12B)
[0724/191317.901:ERROR:process_memory_win.cc(73)] ReadMemory at 0x1dda8bbe660 of 132 bytes failed: Only part of a ReadProcessMemory or WriteProcessMemory request was completed. (0x12B)
[0724/191317.901:ERROR:process_memory_win.cc(73)] ReadMemory at 0x1dda8bc2530 of 132 bytes failed: Only part of a ReadProcessMemory or WriteProcessMemory request was completed. (0x12B)
[0724/191317.901:ERROR:process_memory_win.cc(73)] ReadMemory at 0x1dda8bc2810 of 132 bytes failed: Only part of a ReadProcessMemory or WriteProcessMemory request was completed. (0x12B)
[0724/191317.901:ERROR:process_memory_win.cc(73)] ReadMemory at 0x1dda8bc2940 of 132 bytes failed: Only part of a ReadProcessMemory or WriteProcessMemory request was completed. (0x12B)
[0724/191317.901:ERROR:process_memory_win.cc(73)] ReadMemory at 0x1dda8bc2a70 of 144 bytes failed: Only part of a ReadProcessMemory or WriteProcessMemory request was completed. (0x12B)
[0724/191317.901:ERROR:process_memory_win.cc(73)] ReadMemory at 0x1dda8bc2b10 of 132 bytes failed: Only part of a ReadProcessMemory or WriteProcessMemory request was completed. (0x12B)
[0724/191317.902:ERROR:process_memory_win.cc(73)] ReadMemory at 0x1dda8bc3dc0 of 132 bytes failed: Only part of a ReadProcessMemory or WriteProcessMemory request was completed. (0x12B)
[0724/191317.902:ERROR:process_memory_win.cc(73)] ReadMemory at 0x1dda8bc3fd0 of 132 bytes failed: Only part of a ReadProcessMemory or WriteProcessMemory request was completed. (0x12B)
[0724/191317.902:ERROR:process_memory_win.cc(73)] ReadMemory at 0x1dda8bc4610 of 64 bytes failed: Only part of a ReadProcessMemory or WriteProcessMemory request was completed. (0x12B)
[0724/191317.902:ERROR:process_memory_win.cc(73)] ReadMemory at 0x1dda8bc4660 of 66 bytes failed: Only part of a ReadProcessMemory or WriteProcessMemory request was completed. (0x12B)
[0724/191317.902:ERROR:process_memory_win.cc(73)] ReadMemory at 0x1dda8bc4700 of 60 bytes failed: Only part of a ReadProcessMemory or WriteProcessMemory request was completed. (0x12B)
[0724/191317.902:ERROR:process_memory_win.cc(73)] ReadMemory at 0x1dda8bc47a0 of 60 bytes failed: Only part of a ReadProcessMemory or WriteProcessMemory request was completed. (0x12B)
[0724/191317.903:ERROR:process_memory_win.cc(73)] ReadMemory at 0x1dda8bc4840 of 64 bytes failed: Only part of a ReadProcessMemory or WriteProcessMemory request was completed. (0x12B)
[0724/191317.903:ERROR:process_memory_win.cc(73)] ReadMemory at 0x1dda8bc4a20 of 60 bytes failed: Only part of a ReadProcessMemory or WriteProcessMemory request was completed. (0x12B)
[0724/191317.903:ERROR:process_memory_win.cc(73)] ReadMemory at 0x1dda8bc4a70 of 62 bytes failed: Only part of a ReadProcessMemory or WriteProcessMemory request was completed. (0x12B)
[0724/191317.903:ERROR:process_memory_win.cc(73)] ReadMemory at 0x1dda8bc4b10 of 64 bytes failed: Only part of a ReadProcessMemory or WriteProcessMemory request was completed. (0x12B)
[0724/191317.903:ERROR:process_memory_win.cc(73)] ReadMemory at 0x1dda8bc4bb0 of 60 bytes failed: Only part of a ReadProcessMemory or WriteProcessMemory request was completed. (0x12B)
[0724/191317.903:ERROR:process_memory_win.cc(73)] ReadMemory at 0x1dda8bc4c50 of 62 bytes failed: Only part of a ReadProcessMemory or WriteProcessMemory request was completed. (0x12B)
[0724/191317.903:ERROR:process_memory_win.cc(73)] ReadMemory at 0x1dda8bc4d90 of 64 bytes failed: Only part of a ReadProcessMemory or WriteProcessMemory request was completed. (0x12B)
[0724/191317.903:ERROR:process_memory_win.cc(73)] ReadMemory at 0x1dda8bc4e30 of 60 bytes failed: Only part of a ReadProcessMemory or WriteProcessMemory request was completed. (0x12B)
[0724/191317.903:ERROR:process_memory_win.cc(73)] ReadMemory at 0x1dda8bc4e80 of 62 bytes failed: Only part of a ReadProcessMemory or WriteProcessMemory request was completed. (0x12B)
[0724/191317.904:ERROR:process_memory_win.cc(73)] ReadMemory at 0x1dda8bc4ed0 of 64 bytes failed: Only part of a ReadProcessMemory or WriteProcessMemory request was completed. (0x12B)
[0724/191317.904:ERROR:process_memory_win.cc(73)] ReadMemory at 0x1dda8bc4f20 of 60 bytes failed: Only part of a ReadProcessMemory or WriteProcessMemory request was completed. (0x12B)
[0724/191317.904:ERROR:process_memory_win.cc(73)] ReadMemory at 0x1dda8bc4f70 of 62 bytes failed: Only part of a ReadProcessMemory or WriteProcessMemory request was completed. (0x12B)
[0724/191317.904:ERROR:process_memory_win.cc(73)] ReadMemory at 0x1dda8bc4fc0 of 62 bytes failed: Only part of a ReadProcessMemory or WriteProcessMemory request was completed. (0x12B)
[0724/191317.904:ERROR:process_memory_win.cc(73)] ReadMemory at 0x1dda8bc5010 of 64 bytes failed: Only part of a ReadProcessMemory or WriteProcessMemory request was completed. (0x12B)
[0724/191317.904:ERROR:process_memory_win.cc(73)] ReadMemory at 0x1dda8bc50b0 of 64 bytes failed: Only part of a ReadProcessMemory or WriteProcessMemory request was completed. (0x12B)
[0724/191317.905:ERROR:process_memory_win.cc(73)] ReadMemory at 0x1dda8bc5150 of 62 bytes failed: Only part of a ReadProcessMemory or WriteProcessMemory request was completed. (0x12B)
[0724/191317.905:ERROR:process_memory_win.cc(73)] ReadMemory at 0x1dda8bc5240 of 62 bytes failed: Only part of a ReadProcessMemory or WriteProcessMemory request was completed. (0x12B)
[0724/191317.905:ERROR:process_memory_win.cc(73)] ReadMemory at 0x1dda8bc52e0 of 62 bytes failed: Only part of a ReadProcessMemory or WriteProcessMemory request was completed. (0x12B)
[0724/191317.905:ERROR:process_memory_win.cc(73)] ReadMemory at 0x1dda8bc5330 of 64 bytes failed: Only part of a ReadProcessMemory or WriteProcessMemory request was completed. (0x12B)
[0724/191317.906:ERROR:process_memory_win.cc(73)] ReadMemory at 0x1dda8bc53d0 of 66 bytes failed: Only part of a ReadProcessMemory or WriteProcessMemory request was completed. (0x12B)
[0724/191317.906:ERROR:process_memory_win.cc(73)] ReadMemory at 0x1dda8bc5420 of 62 bytes failed: Only part of a ReadProcessMemory or WriteProcessMemory request was completed. (0x12B)
[0724/191317.906:ERROR:process_memory_win.cc(73)] ReadMemory at 0x1dda8bc5510 of 58 bytes failed: Only part of a ReadProcessMemory or WriteProcessMemory request was completed. (0x12B)
[0724/191317.906:ERROR:process_memory_win.cc(73)] ReadMemory at 0x1dda8bc5560 of 62 bytes failed: Only part of a ReadProcessMemory or WriteProcessMemory request was completed. (0x12B)
[0724/191317.907:ERROR:process_memory_win.cc(73)] ReadMemory at 0x1dda8bc68f0 of 132 bytes failed: Only part of a ReadProcessMemory or WriteProcessMemory request was completed. (0x12B)
[0724/191317.907:ERROR:process_memory_win.cc(73)] ReadMemory at 0x1dda8bc6b10 of 132 bytes failed: Only part of a ReadProcessMemory or WriteProcessMemory request was completed. (0x12B)
[0724/191317.907:ERROR:process_memory_win.cc(73)] ReadMemory at 0x1dda8bca740 of 132 bytes failed: Only part of a ReadProcessMemory or WriteProcessMemory request was completed. (0x12B)
[0724/191318.024:ERROR:process_memory_win.cc(73)] ReadMemory at 0x1dda8bcd020 of 76 bytes failed: Only part of a ReadProcessMemory or WriteProcessMemory request was completed. (0x12B)
[0724/191318.024:ERROR:process_memory_win.cc(73)] ReadMemory at 0x1dda8bcd140 of 80 bytes failed: Only part of a ReadProcessMemory or WriteProcessMemory request was completed. (0x12B)
[0724/191318.025:ERROR:process_memory_win.cc(73)] ReadMemory at 0x1dda8bce030 of 132 bytes failed: Only part of a ReadProcessMemory or WriteProcessMemory request was completed. (0x12B)
[0724/191318.026:ERROR:process_memory_win.cc(73)] ReadMemory at 0x1dda8bce290 of 132 bytes failed: Only part of a ReadProcessMemory or WriteProcessMemory request was completed. (0x12B)
[0724/191318.026:ERROR:process_memory_win.cc(73)] ReadMemory at 0x1dda8bceae0 of 132 bytes failed: Only part of a ReadProcessMemory or WriteProcessMemory request was completed. (0x12B)
[0724/191318.026:ERROR:process_memory_win.cc(73)] ReadMemory at 0x1dda8bcec10 of 132 bytes failed: Only part of a ReadProcessMemory or WriteProcessMemory request was completed. (0x12B)
[0724/191318.027:ERROR:process_memory_win.cc(73)] ReadMemory at 0x1dda8bced40 of 132 bytes failed: Only part of a ReadProcessMemory or WriteProcessMemory request was completed. (0x12B)
[0724/191318.027:ERROR:process_memory_win.cc(73)] ReadMemory at 0x1dda8bcf200 of 132 bytes failed: Only part of a ReadProcessMemory or WriteProcessMemory request was completed. (0x12B)
[0724/191318.027:ERROR:process_memory_win.cc(73)] ReadMemory at 0x1dda8bcf330 of 132 bytes failed: Only part of a ReadProcessMemory or WriteProcessMemory request was completed. (0x12B)
[0724/191318.028:ERROR:process_memory_win.cc(73)] ReadMemory at 0x1dda8bcf460 of 132 bytes failed: Only part of a ReadProcessMemory or WriteProcessMemory request was completed. (0x12B)
[0724/191318.028:ERROR:process_memory_win.cc(73)] ReadMemory at 0x1dda8bcf590 of 132 bytes failed: Only part of a ReadProcessMemory or WriteProcessMemory request was completed. (0x12B)
[0724/191318.029:ERROR:process_memory_win.cc(73)] ReadMemory at 0x1dda8bcfcb0 of 132 bytes failed: Only part of a ReadProcessMemory or WriteProcessMemory request was completed. (0x12B)
[0724/191318.029:ERROR:process_memory_win.cc(73)] ReadMemory at 0x1dda8be2cb0 of 512 bytes failed: Only part of a ReadProcessMemory or WriteProcessMemory request was completed. (0x12B)
[0724/191318.030:ERROR:process_memory_win.cc(73)] ReadMemory at 0x1dda8c2dad0 of 712 bytes failed: Only part of a ReadProcessMemory or WriteProcessMemory request was completed. (0x12B)
[0724/191318.030:ERROR:process_memory_win.cc(73)] ReadMemory at 0x1dda8c39d00 of 512 bytes failed: Only part of a ReadProcessMemory or WriteProcessMemory request was completed. (0x12B)
[0724/191318.030:ERROR:process_memory_win.cc(73)] ReadMemory at 0x1dda8c4a110 of 512 bytes failed: Only part of a ReadProcessMemory or WriteProcessMemory request was completed. (0x12B)
[0724/191318.031:ERROR:process_memory_win.cc(73)] ReadMemory at 0x1dda8c5d790 of 512 bytes failed: Only part of a ReadProcessMemory or WriteProcessMemory request was completed. (0x12B)
[0724/191318.032:ERROR:process_memory_win.cc(73)] ReadMemory at 0x1dda8c63640 of 512 bytes failed: Only part of a ReadProcessMemory or WriteProcessMemory request was completed. (0x12B)
[0724/191318.032:ERROR:process_memory_win.cc(73)] ReadMemory at 0x1ddaa4c0000 of 384 bytes failed: Only part of a ReadProcessMemory or WriteProcessMemory request was completed. (0x12B)
[0724/191318.032:ERROR:process_memory_win.cc(73)] ReadMemory at 0x1ddaa578a20 of 512 bytes failed: Only part of a ReadProcessMemory or WriteProcessMemory request was completed. (0x12B)
[0724/191318.033:ERROR:process_memory_win.cc(73)] ReadMemory at 0x1ddaa81da10 of 512 bytes failed: Only part of a ReadProcessMemory or WriteProcessMemory request was completed. (0x12B)
[0724/191318.034:ERROR:process_memory_win.cc(73)] ReadMemory at 0x2d0d00000000 of 384 bytes failed: Only part of a ReadProcessMemory or WriteProcessMemory request was completed. (0x12B)
[0724/191318.034:ERROR:process_memory_win.cc(73)] ReadMemory at 0x2d0d000c3f27 of 512 bytes failed: Only part of a ReadProcessMemory or WriteProcessMemory request was completed. (0x12B)
[0724/191318.034:ERROR:process_memory_win.cc(73)] ReadMemory at 0x2d0d080400f1 of 512 bytes failed: Only part of a ReadProcessMemory or WriteProcessMemory request was completed. (0x12B)
[0724/191318.035:ERROR:process_memory_win.cc(73)] ReadMemory at 0x2d0d08281b0b of 512 bytes failed: Only part of a ReadProcessMemory or WriteProcessMemory request was completed. (0x12B)
[0724/191318.035:ERROR:process_memory_win.cc(73)] ReadMemory at 0x2d0d084d80c1 of 512 bytes failed: Only part of a ReadProcessMemory or WriteProcessMemory request was completed. (0x12B)
[0724/191318.035:ERROR:process_memory_win.cc(73)] ReadMemory at 0x2d0d08647d89 of 512 bytes failed: Only part of a ReadProcessMemory or WriteProcessMemory request was completed. (0x12B)
[0724/191318.036:ERROR:process_memory_win.cc(73)] ReadMemory at 0x2d0d08e8de81 of 512 bytes failed: Only part of a ReadProcessMemory or WriteProcessMemory request was completed. (0x12B)
[0724/191318.036:ERROR:process_memory_win.cc(73)] ReadMemory at 0x2d0d08e8f0ed of 512 bytes failed: Only part of a ReadProcessMemory or WriteProcessMemory request was completed. (0x12B)
[0724/191318.037:ERROR:process_memory_win.cc(73)] ReadMemory at 0x2d0d09510941 of 512 bytes failed: Only part of a ReadProcessMemory or WriteProcessMemory request was completed. (0x12B)
[0724/191318.037:ERROR:process_memory_win.cc(73)] ReadMemory at 0x2d0d095381a5 of 512 bytes failed: Only part of a ReadProcessMemory or WriteProcessMemory request was completed. (0x12B)
[0724/191318.037:ERROR:process_memory_win.cc(73)] ReadMemory at 0x7ffbb8a9f600 of 512 bytes failed: Only part of a ReadProcessMemory or WriteProcessMemory request was completed. (0x12B)
[0724/191318.037:ERROR:process_memory_win.cc(73)] ReadMemory at 0x7ffbb906968c of 512 bytes failed: Only part of a ReadProcessMemory or WriteProcessMemory request was completed. (0x12B)
[0724/191318.038:ERROR:process_memory_win.cc(73)] ReadMemory at 0x7ffbfd1c79b3 of 512 bytes failed: Only part of a ReadProcessMemory or WriteProcessMemory request was completed. (0x12B)
[0724/191318.038:ERROR:process_memory_win.cc(73)] ReadMemory at 0x7ffbfd1c81a0 of 512 bytes failed: Only part of a ReadProcessMemory or WriteProcessMemory request was completed. (0x12B)
[0724/191318.064:ERROR:process_memory_win.cc(73)] ReadMemory at 0x7ffc0fd7c074 of 672 bytes failed: Only part of a ReadProcessMemory or WriteProcessMemory request was completed. (0x12B)
[0724/191318.065:ERROR:process_memory_win.cc(73)] ReadMemory at 0x7ffc0fd7f924 of 608 bytes failed: Only part of a ReadProcessMemory or WriteProcessMemory request was completed. (0x12B)
[0724/191318.065:ERROR:process_memory_win.cc(73)] ReadMemory at 0x7ffc0fe0c428 of 18 bytes failed: Only part of a ReadProcessMemory or WriteProcessMemory request was completed. (0x12B)
[0724/191318.065:ERROR:process_memory_win.cc(73)] ReadMemory at 0x7ffc0fe3f4f8 of 40 bytes failed: Only part of a ReadProcessMemory or WriteProcessMemory request was completed. (0x12B)
[0724/191318.065:ERROR:process_memory_win.cc(73)] ReadMemory at 0x7ffc0fe3f978 of 48 bytes failed: Only part of a ReadProcessMemory or WriteProcessMemory request was completed. (0x12B)
[0724/191318.066:ERROR:process_memory_win.cc(73)] ReadMemory at 0x7ffc0fe453c0 of 64 bytes failed: Only part of a ReadProcessMemory or WriteProcessMemory request was completed. (0x12B)
[0724/191318.433:ERROR:scoped_process_suspend.cc(40)] NtResumeProcess: An attempt was made to access an exiting process. (0xc000010a)
